<?xml version="1.0" encoding="UTF-8"?>
<testsuite xmlns:xsi="http://www.w3.org/2001/XMLSchema-instance" xsi:noNamespaceSchemaLocation="https://maven.apache.org/surefire/maven-surefire-plugin/xsd/surefire-test-report.xsd" name="com.ingsw.consigliaviaggi.isValidEmailAddressTest" time="0" tests="10" errors="0" skipped="0" failures="0">
  <properties>
[...]
</properties>
  <testcase name="testEmailConNessunPuntoDopoLaChiocciola" classname="com.ingsw.consigliaviaggi.isValidEmailAddressTest" time="0"/>
  <testcase name="testEmailConStringaConUnaChiocciola" classname="com.ingsw.consigliaviaggi.isValidEmailAddressTest" time="0"/>
  <testcase name="testEmailConPiùDiUnaChiocciola" classname="com.ingsw.consigliaviaggi.isValidEmailAddressTest" time="0"/>
  <testcase name="testEmailConRiferimentoANull" classname="com.ingsw.consigliaviaggi.isValidEmailAddressTest" time="0"/>
  <testcase name="testEmailConPiùDiUnPuntoDopoLaChiocciola" classname="com.ingsw.consigliaviaggi.isValidEmailAddressTest" time="0"/>
  <testcase name="testEmailConPath1_2_3_5_FALSE" classname="com.ingsw.consigliaviaggi.isValidEmailAddressTest" time="0"/>
  <testcase name="testEmailConStringaVuota" classname="com.ingsw.consigliaviaggi.isValidEmailAddressTest" time="0"/>
  <testcase name="testEmailConUnPuntoDopoLaChiocciola" classname="com.ingsw.consigliaviaggi.isValidEmailAddressTest" time="0"/>
  <testcase name="testEmailConStringaSenzaChiocciola" classname="com.ingsw.consigliaviaggi.isValidEmailAddressTest" time="0"/>
  <testcase name="testEmailConPath1_2_3_5_TRUE" classname="com.ingsw.consigliaviaggi.isValidEmailAddressTest" time="0"/>
</testsuite>